<?xml version="1.0" encoding="UTF-8"?>
<trace:TraceModel xmi:version="2.0"
    xmlns:xmi="http://www.omg.org/XMI"
    xmlns:trace="http://www.eclipse.org/gmf/2006/Trace">
  <nodeTraces
      visualID="2002"
      queryText="(let _eClass_:ecore::EClass = modelFacet.metaClass.ecoreClass in _eClass_.ePackage.nsURI = 'http:///MARTE/MARTE_DesignModel/HRM/HwLogical/HwComputing.ecore' and _eClass_.name = 'HwMCU') and (let _containmentMF_:ecore::EStructuralFeature = modelFacet.containmentMetaFeature.ecoreFeature in (let _eClass_:ecore::EClass = _containmentMF_.eContainingClass in _eClass_.ePackage.nsURI = 'http:///MARTE/MARTE_DesignModel/HRM/HwDiagram.ecore' and _eClass_.name = 'HwBlockDiagram') and _containmentMF_.name = 'components')">
    <nodeLabelTraces
        visualID="5002"
        queryText="true"/>
  </nodeTraces>
  <nodeTraces
      visualID="2003"
      queryText="(let _eClass_:ecore::EClass = modelFacet.metaClass.ecoreClass in _eClass_.ePackage.nsURI = 'http:///MARTE/MARTE_DesignModel/HRM/HwLogical/HwDevice.ecore' and _eClass_.name = 'HwDevice') and (let _containmentMF_:ecore::EStructuralFeature = modelFacet.containmentMetaFeature.ecoreFeature in (let _eClass_:ecore::EClass = _containmentMF_.eContainingClass in _eClass_.ePackage.nsURI = 'http:///MARTE/MARTE_DesignModel/HRM/HwDiagram.ecore' and _eClass_.name = 'HwBlockDiagram') and _containmentMF_.name = 'components')">
    <nodeLabelTraces
        visualID="5003"
        queryText="true"/>
  </nodeTraces>
  <linkTraces
      visualID="4002"
      queryText="modelFacet.oclIsKindOf(gmfgen::TypeLinkModelFacet) and (let _eClass_:ecore::EClass = modelFacet.oclAsType(gmfgen::TypeLinkModelFacet).metaClass.ecoreClass in _eClass_.ePackage.nsURI = 'http:///MARTE/MARTE_DesignModel/HRM/HwLogical/HwCommunication.ecore' and _eClass_.name = 'HwConnection')"/>
</trace:TraceModel>
